2013/04/21 12:16:20 [error] [php] Trying to get property of non-object (F:\dev\xampp\htdocs\sapps\protected\controllers\SiteController.php:36)
Stack trace:
#0 F:\dev\xampp\htdocs\yii\framework\web\CController.php(286): SiteController->runAction()
#1 F:\dev\xampp\htdocs\yii\framework\web\CController.php(265): SiteController->runActionWithFilters()
#2 F:\dev\xampp\htdocs\yii\framework\web\CWebApplication.php(282): SiteController->run()
#3 F:\dev\xampp\htdocs\yii\framework\web\CWebApplication.php(141): CWebApplication->runController()
#4 F:\dev\xampp\htdocs\yii\framework\base\CApplication.php(169): CWebApplication->processRequest()
#5 F:\dev\xampp\htdocs\sapps\index.php(13): CWebApplication->run()
REQUEST_URI=/sapps/
in F:\dev\xampp\htdocs\sapps\protected\controllers\SiteController.php (36)
in F:\dev\xampp\htdocs\sapps\index.php (13)
2013/04/21 12:20:32 [warning] [application] Failed to set unsafe attribute "observatory" of "Findings".
in F:\dev\xampp\htdocs\sapps\protected\controllers\FindingsController.php (106)
in F:\dev\xampp\htdocs\sapps\index.php (13)
2013/04/21 12:20:32 [warning] [application] Failed to set unsafe attribute "longitude" of "Findings".
in F:\dev\xampp\htdocs\sapps\protected\controllers\FindingsController.php (106)
in F:\dev\xampp\htdocs\sapps\index.php (13)
2013/04/21 12:20:32 [warning] [application] Failed to set unsafe attribute "latitude" of "Findings".
in F:\dev\xampp\htdocs\sapps\protected\controllers\FindingsController.php (106)
in F:\dev\xampp\htdocs\sapps\index.php (13)
2013/04/21 12:20:32 [warning] [application] Failed to set unsafe attribute "altitude" of "Findings".
in F:\dev\xampp\htdocs\sapps\protected\controllers\FindingsController.php (106)
in F:\dev\xampp\htdocs\sapps\index.php (13)
2013/04/21 12:20:32 [warning] [application] Failed to set unsafe attribute "image" of "Findings".
in F:\dev\xampp\htdocs\sapps\protected\controllers\FindingsController.php (106)
in F:\dev\xampp\htdocs\sapps\index.php (13)
2013/04/21 12:20:32 [error] [php] move_uploaded_file(uploads/6/card.jpg) [<a href='function.move-uploaded-file'>function.move-uploaded-file</a>]: failed to open stream: No such file or directory (F:\dev\xampp\htdocs\yii\framework\web\CUploadedFile.php:196)
Stack trace:
#0 F:\dev\xampp\htdocs\yii\framework\web\actions\CInlineAction.php(49): FindingsController->actionCreate()
#1 F:\dev\xampp\htdocs\yii\framework\web\CController.php(308): CInlineAction->runWithParams()
#2 F:\dev\xampp\htdocs\yii\framework\web\filters\CFilterChain.php(133): FindingsController->runAction()
#3 F:\dev\xampp\htdocs\yii\framework\web\filters\CFilter.php(40): CFilterChain->run()
#4 F:\dev\xampp\htdocs\yii\framework\web\CController.php(1145): CAccessControlFilter->filter()
#5 F:\dev\xampp\htdocs\yii\framework\web\filters\CInlineFilter.php(58): FindingsController->filterAccessControl()
#6 F:\dev\xampp\htdocs\yii\framework\web\filters\CFilterChain.php(130): CInlineFilter->filter()
#7 F:\dev\xampp\htdocs\yii\framework\web\CController.php(291): CFilterChain->run()
#8 F:\dev\xampp\htdocs\yii\framework\web\CController.php(265): FindingsController->runActionWithFilters()
#9 F:\dev\xampp\htdocs\yii\framework\web\CWebApplication.php(282): FindingsController->run()
#10 F:\dev\xampp\htdocs\yii\framework\web\CWebApplication.php(141): CWebApplication->runController()
#11 F:\dev\xampp\htdocs\yii\framework\base\CApplication.php(169): CWebApplication->processRequest()
#12 F:\dev\xampp\htdocs\sapps\index.php(13): CWebApplication->run()
REQUEST_URI=/sapps/index.php?r=findings/create
in F:\dev\xampp\htdocs\sapps\protected\controllers\FindingsController.php (112)
in F:\dev\xampp\htdocs\sapps\index.php (13)
2013/04/21 12:22:38 [warning] [application] Failed to set unsafe attribute "observatory" of "Findings".
in F:\dev\xampp\htdocs\sapps\protected\controllers\FindingsController.php (106)
in F:\dev\xampp\htdocs\sapps\index.php (13)
2013/04/21 12:22:38 [warning] [application] Failed to set unsafe attribute "longitude" of "Findings".
in F:\dev\xampp\htdocs\sapps\protected\controllers\FindingsController.php (106)
in F:\dev\xampp\htdocs\sapps\index.php (13)
2013/04/21 12:22:38 [warning] [application] Failed to set unsafe attribute "latitude" of "Findings".
in F:\dev\xampp\htdocs\sapps\protected\controllers\FindingsController.php (106)
in F:\dev\xampp\htdocs\sapps\index.php (13)
2013/04/21 12:22:38 [warning] [application] Failed to set unsafe attribute "altitude" of "Findings".
in F:\dev\xampp\htdocs\sapps\protected\controllers\FindingsController.php (106)
in F:\dev\xampp\htdocs\sapps\index.php (13)
2013/04/21 12:22:38 [warning] [application] Failed to set unsafe attribute "image" of "Findings".
in F:\dev\xampp\htdocs\sapps\protected\controllers\FindingsController.php (106)
in F:\dev\xampp\htdocs\sapps\index.php (13)
2013/04/21 12:29:00 [error] [php] htmlspecialchars() expects parameter 1 to be string, array given (F:\dev\xampp\htdocs\yii\framework\web\helpers\CHtml.php:98)
Stack trace:
#0 F:\dev\xampp\htdocs\yii\framework\web\helpers\CHtml.php(153): renderAttributes()
#1 F:\dev\xampp\htdocs\yii\framework\web\helpers\CHtml.php(426): tag()
#2 F:\dev\xampp\htdocs\sapps\protected\views\findings\view.php(46): image()
#3 F:\dev\xampp\htdocs\yii\framework\web\CBaseController.php(126): require()
#4 F:\dev\xampp\htdocs\yii\framework\web\CBaseController.php(95): FindingsController->renderInternal()
#5 F:\dev\xampp\htdocs\yii\framework\web\CController.php(869): FindingsController->renderFile()
#6 F:\dev\xampp\htdocs\yii\framework\web\CController.php(782): FindingsController->renderPartial()
#7 F:\dev\xampp\htdocs\sapps\protected\controllers\FindingsController.php(82): FindingsController->render()
#8 unknown(0): FindingsController->actionView()
#9 F:\dev\xampp\htdocs\yii\framework\web\actions\CAction.php(108): ReflectionMethod->invokeArgs()
#10 F:\dev\xampp\htdocs\yii\framework\web\actions\CInlineAction.php(47): CInlineAction->runWithParamsInternal()
#11 F:\dev\xampp\htdocs\yii\framework\web\CController.php(308): CInlineAction->runWithParams()
#12 F:\dev\xampp\htdocs\yii\framework\web\filters\CFilterChain.php(133): FindingsController->runAction()
#13 F:\dev\xampp\htdocs\yii\framework\web\filters\CFilter.php(40): CFilterChain->run()
#14 F:\dev\xampp\htdocs\yii\framework\web\CController.php(1145): CAccessControlFilter->filter()
#15 F:\dev\xampp\htdocs\yii\framework\web\filters\CInlineFilter.php(58): FindingsController->filterAccessControl()
#16 F:\dev\xampp\htdocs\yii\framework\web\filters\CFilterChain.php(130): CInlineFilter->filter()
#17 F:\dev\xampp\htdocs\yii\framework\web\CController.php(291): CFilterChain->run()
#18 F:\dev\xampp\htdocs\yii\framework\web\CController.php(265): FindingsController->runActionWithFilters()
#19 F:\dev\xampp\htdocs\yii\framework\web\CWebApplication.php(282): FindingsController->run()
#20 F:\dev\xampp\htdocs\yii\framework\web\CWebApplication.php(141): CWebApplication->runController()
#21 F:\dev\xampp\htdocs\yii\framework\base\CApplication.php(169): CWebApplication->processRequest()
#22 F:\dev\xampp\htdocs\sapps\index.php(13): CWebApplication->run()
REQUEST_URI=/sapps/index.php?r=findings/view&id=19
in F:\dev\xampp\htdocs\sapps\protected\views\findings\view.php (46)
in F:\dev\xampp\htdocs\sapps\protected\controllers\FindingsController.php (82)
in F:\dev\xampp\htdocs\sapps\index.php (13)
